extract_metadata: 0.0007114410400390625
detect_features: 2.024904490001063
match_features: 1.3257763720030198
create_tracks: 0.0659728009995888
reconstruct: 1.488901138305664
extract_metadata: 0.0007722377777099609
detect_features: 2.116121746999852
match_features: 1.3321326190016407
create_tracks: 0.06429964600101812
reconstruct: 1.3269572257995605
extract_metadata: 0.0009014606475830078
detect_features: 2.110798175999662
match_features: 1.318938000000344
create_tracks: 0.06103702900145436
reconstruct: 1.2136402130126953
extract_metadata: 0.0007574558258056641
detect_features: 2.005723581998609
match_features: 1.5312755220002146
create_tracks: 0.06947037699865177
reconstruct: 1.3420512676239014
extract_metadata: 0.0006673336029052734
detect_features: 2.005877210998733
match_features: 1.2293548289999308
create_tracks: 0.06206885199935641
reconstruct: 1.4106976985931396
extract_metadata: 0.0009984970092773438
detect_features: 2.020525556999928
match_features: 1.5188181340017763
create_tracks: 0.0570301500010828
reconstruct: 1.4584863185882568
extract_metadata: 0.0006530284881591797
detect_features: 2.0071479939979326
match_features: 1.2241301279973413
create_tracks: 0.062367250000534113
reconstruct: 1.4521591663360596
extract_metadata: 0.0010089874267578125
detect_features: 1.905434852000326
match_features: 1.3226625639981648
create_tracks: 0.06228695700337994
reconstruct: 1.4565682411193848
extract_metadata: 0.0007219314575195312
detect_features: 1.9075804310014064
match_features: 1.3303051600014442
create_tracks: 0.08696881300056702
reconstruct: 1.5261421203613281
extract_metadata: 0.0008409023284912109
detect_features: 2.116826860998117
match_features: 1.4235335209996265
create_tracks: 0.06490019500051858
reconstruct: 1.3610153198242188
extract_metadata: 0.0006890296936035156
detect_features: 1.9052090080003836
match_features: 1.3200176459977229
create_tracks: 0.06506587399780983
reconstruct: 1.2264134883880615
extract_metadata: 0.0013859272003173828
detect_features: 6.415141538996977
match_features: 9.685872435999045
create_tracks: 0.56411938599922
reconstruct: 17.872328758239746
extract_metadata: 0.0010428428649902344
detect_features: 6.225111075998939
match_features: 8.883608185999037
create_tracks: 0.5286501460013824
reconstruct: 15.866218566894531
extract_metadata: 0.0011568069458007812
detect_features: 7.037861939999857
match_features: 9.502185149001889
create_tracks: 0.5989281320071314
reconstruct: 15.627072095870972
extract_metadata: 0.0011713504791259766
detect_features: 6.62642512399907
match_features: 8.814971847998095
create_tracks: 0.5126781599974493
reconstruct: 16.614540100097656
extract_metadata: 0.0009453296661376953
detect_features: 6.2232493110004725
match_features: 9.944082676000107
create_tracks: 0.5250561240000025
reconstruct: 17.02716374397278
